Build started 12/21/2014 7:27:13 PM.
     1>Project "C:\Users\Kyle\Documents\Projects\TheBindingOfIsaac\TheBindingOfIsaac\TheBindingOfIsaac.vcxproj" on node 2 (Build target(s)).
     1>ClCompile:
         C:\Program Files (x86)\Microsoft Visual Studio 12.0\VC\bin\CL.exe /c /I"C:\Dependencies\SFML-2.2-Win32-VS2013\include" /Zi /nologo /W3 /WX- /sdl /O2 /Oi /Oy- /GL /D WIN32 /D NDEBUG /D _CONSOLE /D _LIB /D _UNICODE /D UNICODE /Gm- /EHsc /MD /GS /Gy /fp:precise /Zc:wchar_t /Zc:forScope /Yc"stdafx.h" /Fp"Release\TheBindingOfIsaac.pch" /Fo"Release\\" /Fd"Release\vc120.pdb" /Gd /TP /analyze- /errorReport:prompt stdafx.cpp
         stdafx.cpp
         C:\Program Files (x86)\Microsoft Visual Studio 12.0\VC\bin\CL.exe /c /I"C:\Dependencies\SFML-2.2-Win32-VS2013\include" /Zi /nologo /W3 /WX- /sdl /O2 /Oi /Oy- /GL /D WIN32 /D NDEBUG /D _CONSOLE /D _LIB /D _UNICODE /D UNICODE /Gm- /EHsc /MD /GS /Gy /fp:precise /Zc:wchar_t /Zc:forScope /Yu"stdafx.h" /Fp"Release\TheBindingOfIsaac.pch" /Fo"Release\\" /Fd"Release\vc120.pdb" /Gd /TP /analyze- /errorReport:prompt GameManager.cpp GameplayState.cpp Input.cpp State.cpp main.cpp Utilities.cpp
         GameManager.cpp
         GameplayState.cpp
         Input.cpp
         State.cpp
         main.cpp
         Utilities.cpp
       Link:
         C:\Program Files (x86)\Microsoft Visual Studio 12.0\VC\bin\link.exe /ERRORREPORT:PROMPT /OUT:"C:\Users\Kyle\Documents\Projects\TheBindingOfIsaac\Release\TheBindingOfIsaac.exe" /INCREMENTAL:NO /NOLOGO /LIBPATH:"C:\Dependencies\SFML-2.2-Win32-VS2013\lib" "sfml-graphics.lib" "sfml-audio.lib" "sfml-system.lib" "sfml-window.lib" "sfml-network.lib" kernel32.lib user32.lib gdi32.lib winspool.lib comdlg32.lib advapi32.lib shell32.lib ole32.lib oleaut32.lib uuid.lib odbc32.lib odbccp32.lib /MANIFEST /MANIFESTUAC:"level='asInvoker' uiAccess='false'" /manifest:embed /DEBUG /PDB:"C:\Users\Kyle\Documents\Projects\TheBindingOfIsaac\Release\TheBindingOfIsaac.pdb" /SUBSYSTEM:CONSOLE /OPT:REF /OPT:ICF /LTCG /TLBID:1 /DYNAMICBASE /NXCOMPAT /IMPLIB:"C:\Users\Kyle\Documents\Projects\TheBindingOfIsaac\Release\TheBindingOfIsaac.lib" /MACHINE:X86 /SAFESEH Release\GameManager.obj
         Release\GameplayState.obj
         Release\Input.obj
         Release\State.obj
         Release\stdafx.obj
         Release\main.obj
         Release\Utilities.obj
     1>GameplayState.obj : error LNK2001: unresolved external symbol "public: virtual void __thiscall GameplayState::draw(class sf::RenderWindow &)" (?draw@GameplayState@@UAEXAAVRenderWindow@sf@@@Z)
     1>C:\Users\Kyle\Documents\Projects\TheBindingOfIsaac\Release\TheBindingOfIsaac.exe : fatal error LNK1120: 1 unresolved externals
     1>Done Building Project "C:\Users\Kyle\Documents\Projects\TheBindingOfIsaac\TheBindingOfIsaac\TheBindingOfIsaac.vcxproj" (Build target(s)) -- FAILED.

Build FAILED.

Time Elapsed 00:00:04.32
