Build started 12/25/2015 1:19:55 AM.
     1>Project "C:\Users\Kyle\Documents\Projects\TheBindingOfIsaac\TheBindingOfIsaac\TheBindingOfIsaac.vcxproj" on node 3 (Build target(s)).
     1>Link:
         C:\Program Files (x86)\Microsoft Visual Studio 12.0\VC\bin\link.exe /ERRORREPORT:PROMPT /OUT:"C:\Users\Kyle\Documents\Projects\TheBindingOfIsaac\Debug\TheBindingOfIsaac.exe" /INCREMENTAL /NOLOGO /LIBPATH:"C:\Dependencies\SFML-2.2-Win32-VS2013\lib" "sfml-graphics-d.lib" "sfml-audio-d.lib" "sfml-system-d.lib" "sfml-window-d.lib" "sfml-network-d.lib" kernel32.lib user32.lib gdi32.lib winspool.lib comdlg32.lib advapi32.lib shell32.lib ole32.lib oleaut32.lib uuid.lib odbc32.lib odbccp32.lib /MANIFEST /MANIFESTUAC:"level='asInvoker' uiAccess='false'" /manifest:embed /DEBUG /PDB:"C:\Users\Kyle\Documents\Projects\TheBindingOfIsaac\Debug\TheBindingOfIsaac.pdb" /SUBSYSTEM:CONSOLE /TLBID:1 /DYNAMICBASE /NXCOMPAT /IMPLIB:"C:\Users\Kyle\Documents\Projects\TheBindingOfIsaac\Debug\TheBindingOfIsaac.lib" /MACHINE:X86 Debug\Assemblages.obj
         Debug\CollisionSystem.obj
         Debug\Component.obj
         Debug\Entity.obj
         Debug\GameManager.obj
         Debug\GameplayState.obj
         Debug\HUD.obj
         Debug\Input.obj
         Debug\InputSystem.obj
         Debug\Map.obj
         Debug\PhysicsSystem.obj
         Debug\PitCollisionCom.obj
         Debug\Player.obj
         Debug\PlayerControlledCom.obj
         Debug\RenderSystem.obj
         Debug\Room.obj
         Debug\State.obj
         Debug\StatsState.obj
         Debug\stdafx.obj
         Debug\main.obj
         Debug\System.obj
         Debug\Utilities.obj
         Debug\VelocityCom.obj
         Debug\WallCollisionCom.obj
         TheBindingOfIsaac.vcxproj -> C:\Users\Kyle\Documents\Projects\TheBindingOfIsaac\Debug\TheBindingOfIsaac.exe
     1>Done Building Project "C:\Users\Kyle\Documents\Projects\TheBindingOfIsaac\TheBindingOfIsaac\TheBindingOfIsaac.vcxproj" (Build target(s)).

Build succeeded.

Time Elapsed 00:00:00.78
